<?xml version="1.0" encoding="UTF-8"?>
<!-- Generated by org.testng.reporters.JUnitReportReporter -->
<testsuite skipped="0" hostname="Grepthor-PC" name="com.nextClick.gettingNamesFromImages" tests="1" failures="0" timestamp="2019-12-17T13:19:27 IST" time="103.401" errors="0">
  <testcase name="ImageData" time="103.401" classname="com.nextClick.gettingNamesFromImages"/>
</testsuite> <!-- com.nextClick.gettingNamesFromImages -->
