<?xml version="1.0" encoding="UTF-8"?>
<!-- Generated by org.testng.reporters.JUnitReportReporter -->
<testsuite skipped="0" hostname="Grepthor-PC" name="feron.FeronHealth.OpenBrowser" tests="1" failures="0" timestamp="2019-12-09T11:45:11 IST" time="4.580" errors="0">
  <testcase name="startexecution" time="4.580" classname="feron.FeronHealth.OpenBrowser"/>
</testsuite> <!-- feron.FeronHealth.OpenBrowser -->
