<?xml version="1.0" encoding="UTF-8"?>
<!-- Generated by org.testng.reporters.JUnitReportReporter -->
<testsuite skipped="0" hostname="Grepthor-PC" name="feron.FeronHealth.OpenChrome" tests="1" failures="0" timestamp="2019-12-09T11:11:29 IST" time="8.044" errors="0">
  <testcase name="ChromeLaunch" time="8.044" classname="feron.FeronHealth.OpenChrome"/>
</testsuite> <!-- feron.FeronHealth.OpenChrome -->
