<?xml version="1.0" encoding="UTF-8"?>
<!-- Generated by org.testng.reporters.JUnitReportReporter -->
<testsuite skipped="0" hostname="Grepthor-PC" name="feron.FeronHealth.PaymentSingleProduct" tests="1" failures="0" timestamp="2019-12-09T16:18:14 IST" time="47.810" errors="0">
  <testcase name="OneProduct" time="47.810" classname="feron.FeronHealth.PaymentSingleProduct"/>
</testsuite> <!-- feron.FeronHealth.PaymentSingleProduct -->
