<?xml version="1.0" encoding="UTF-8"?>
<!-- Generated by org.testng.reporters.JUnitReportReporter -->
<testsuite skipped="0" hostname="Grepthor-PC" name="feron.FeronHealth.LaunchFeronHome" tests="1" failures="0" timestamp="2019-12-09T12:00:27 IST" time="34.238" errors="0">
  <testcase name="feronHome" time="34.238" classname="feron.FeronHealth.LaunchFeronHome"/>
</testsuite> <!-- feron.FeronHealth.LaunchFeronHome -->
