<?xml version="1.0" encoding="UTF-8"?>
<!-- Generated by org.testng.reporters.JUnitReportReporter -->
<testsuite skipped="0" hostname="Grepthor-PC" name="com.feron.Admin.feronAdminAddingProducts" tests="1" failures="0" timestamp="2019-12-20T13:57:19 IST" time="640.355" errors="0">
  <testcase name="f" time="640.355" classname="com.feron.Admin.feronAdminAddingProducts"/>
</testsuite> <!-- com.feron.Admin.feronAdminAddingProducts -->
