<?xml version="1.0" encoding="UTF-8"?>
<!-- Generated by org.testng.reporters.JUnitReportReporter -->
<testsuite skipped="0" hostname="Grepthor-PC" name="com.nextClick.NextClickLaunch" tests="1" failures="0" timestamp="2019-12-16T18:38:41 IST" time="44.865" errors="0">
  <testcase name="f" time="44.865" classname="com.nextClick.NextClickLaunch"/>
</testsuite> <!-- com.nextClick.NextClickLaunch -->
