<?xml version="1.0" encoding="UTF-8"?>
<!-- Generated by org.testng.reporters.JUnitReportReporter -->
<testsuite skipped="0" hostname="Grepthor-PC" name="feron.FeronHealth.LoginFeron" tests="1" failures="0" timestamp="2019-12-09T13:39:53 IST" time="17.683" errors="0">
  <testcase name="logs" time="17.683" classname="feron.FeronHealth.LoginFeron"/>
</testsuite> <!-- feron.FeronHealth.LoginFeron -->
