<?xml version="1.0" encoding="UTF-8"?>
<!-- Generated by org.testng.reporters.JUnitReportReporter -->
<testsuite skipped="0" hostname="Grepthor-PC" name="feron.FeronHealth.feronSingleProductPayment" tests="1" failures="0" timestamp="2019-12-23T11:20:24 IST" time="46.643" errors="0">
  <testcase name="f" time="46.643" classname="feron.FeronHealth.feronSingleProductPayment"/>
</testsuite> <!-- feron.FeronHealth.feronSingleProductPayment -->
