<?xml version="1.0" encoding="UTF-8"?>
<!-- Generated by org.testng.reporters.JUnitReportReporter -->
<testsuite skipped="0" hostname="Grepthor-PC" name="feron.FeronHealth.feronLogin" tests="1" failures="0" timestamp="2019-12-20T17:04:35 IST" time="56.807" errors="0">
  <testcase name="f" time="56.807" classname="feron.FeronHealth.feronLogin"/>
</testsuite> <!-- feron.FeronHealth.feronLogin -->
