<?xml version="1.0" encoding="UTF-8"?>
<!-- Generated by org.testng.reporters.JUnitReportReporter -->
<testsuite skipped="0" hostname="Grepthor-PC" name="feron.FeronHealth.FeronSignUP" tests="1" failures="0" timestamp="2019-12-09T12:12:46 IST" time="33.828" errors="0">
  <testcase name="register" time="33.828" classname="feron.FeronHealth.FeronSignUP"/>
</testsuite> <!-- feron.FeronHealth.FeronSignUP -->
