<?xml version="1.0" encoding="UTF-8"?>
<!-- Generated by org.testng.reporters.JUnitReportReporter -->
<testsuite skipped="0" hostname="Grepthor-PC" name="com.nextClick.gettingNamesFromImages" tests="1" failures="0" timestamp="2019-12-13T16:25:56 IST" time="63.011" errors="0">
  <testcase name="ImageData" time="63.011" classname="com.nextClick.gettingNamesFromImages"/>
</testsuite> <!-- com.nextClick.gettingNamesFromImages -->
